[0.000] initConfigParams():  Configuration flags start
[0.000] initConfigParams():   external-init                  false
[0.000] initConfigParams():   pend-halt-timeout              (null)
[0.000] initConfigParams():   halt                           false
[0.000] initConfigParams():  +config-file                    "config.txt"
[0.000] initConfigParams():  +persistent                     true
[0.000] initConfigParams():  +log-file                       "debug.log"
[0.000] initConfigParams():   log-level                      31
[0.001] initConfigParams():  +port-number                    61234
[0.001] initConfigParams():   verbose                        false
[0.001] initConfigParams():  +refresh-delay                  15
[0.001] initConfigParams():   verify                         false
[0.001] initConfigParams():  +swd                            true
[0.001] initConfigParams():   swo-port                       61234
[0.001] initConfigParams():   cpu-clock                      8000000
[0.001] initConfigParams():   swo-clock-div                  128
[0.001] initConfigParams():   initialize-reset               false
[0.001] initConfigParams():   debuggers                      false
[0.001] initConfigParams():   serial-number                  ""
[0.001] initConfigParams():   apid                           0
[0.001] initConfigParams():   attach                         false
[0.001] initConfigParams():   shared                         false
[0.001] initConfigParams():   erase-all                      false
[0.001] initConfigParams():   memory-map                     ""
[0.001] initConfigParams():   ext-memory-loaders             false
[0.001] initConfigParams():   extload_init                   (null)
[0.001] initConfigParams():   extload                        (null)
[0.001] initConfigParams():  +stm32cubeprogrammer-path       "C:/ST/STM32CubeIDE_1.12.0/STM32CubeIDE/plugins/com.st.stm32cube.ide.mcu.externaltools.cubeprogrammer.win32_1.3.0.202002181050/tools/bin"
[0.001] initConfigParams():   temp-path                      ""
[0.001] initConfigParams():   preserve-temps                 false
[0.001] initConfigParams():   frequency                      0
[0.001] initConfigParams():   licenses                       false
[0.001] initConfigParams():   ignore-rest                    false
[0.001] initConfigParams():   version                        false
[0.001] initConfigParams():   help                           false
[0.001] initConfigParams():  Configuration flags end
